//==============================================================================================================================//
//=====  CKAN Stable Kopernicus Release-90 - (BuildDate: 10.04.2022 23:33:18; AssemblyHash: YMO/nMdQkQ4jqoKaV9BkZlmO9tE=)  =====//
//==============================================================================================================================//
[LOG 19:10:33]: Logger "Fust.Body" was created
[LOG 19:10:33]: Parsing Target name in (Kopernicus.Configuration.Body) as (System.String)
[LOG 19:10:33]: Parsing Target Template in (Kopernicus.Configuration.Body) as (Kopernicus.Configuration.TemplateLoader)
[LOG 19:10:33]: Parsing Target name in (Kopernicus.Configuration.TemplateLoader) as (System.String)
[LOG 19:10:33]: Parsing Target removePQS in (Kopernicus.Configuration.TemplateLoader) as (Kopernicus.ConfigParser.BuiltinTypeParsers.NumericParser`1[System.Boolean])
[LOG 19:10:33]: Parsing Target removeBiomes in (Kopernicus.Configuration.TemplateLoader) as (Kopernicus.ConfigParser.BuiltinTypeParsers.NumericParser`1[System.Boolean])
[LOG 19:10:33]: Parsing Target removeAtmosphere in (Kopernicus.Configuration.TemplateLoader) as (Kopernicus.ConfigParser.BuiltinTypeParsers.NumericParser`1[System.Boolean])
[LOG 19:10:33]: Parsing Target removeOcean in (Kopernicus.Configuration.TemplateLoader) as (Kopernicus.ConfigParser.BuiltinTypeParsers.NumericParser`1[System.Boolean])
[LOG 19:10:33]: Parsing Target removePQSMods in (Kopernicus.Configuration.TemplateLoader) as (Kopernicus.ConfigParser.BuiltinTypeParsers.StringCollectionParser)
[LOG 19:10:33]: Parsing Target removeAllPQSMods in (Kopernicus.Configuration.TemplateLoader) as (Kopernicus.ConfigParser.BuiltinTypeParsers.NumericParser`1[System.Boolean])
[LOG 19:10:33]: Parsing Target removeProgressTree in (Kopernicus.Configuration.TemplateLoader) as (Kopernicus.ConfigParser.BuiltinTypeParsers.NumericParser`1[System.Boolean])
[LOG 19:10:33]: Parsing Target removeCoronas in (Kopernicus.Configuration.TemplateLoader) as (Kopernicus.ConfigParser.BuiltinTypeParsers.NumericParser`1[System.Boolean])
[LOG 19:10:33]: Using Template "Laythe"
[LOG 19:10:33]: Removing mods from pqs Laythe
[LOG 19:10:33]: Creating blacklist
[LOG 19:10:33]: Blacklist count = 4
[LOG 19:10:33]: Removed mod PQSLandControl
[LOG 19:10:33]: Removed mod PQSMod_AltitudeAlpha
[LOG 19:10:33]: Removed mod PQSMod_VertexHeightNoise
[LOG 19:10:33]: Removed mod PQSMod_VertexSimplexHeightMap
[LOG 19:10:33]: Removed mod PQSMod_VertexHeightMap
[LOG 19:10:33]: Parsing Target cacheFile in (Kopernicus.Configuration.Body) as (System.String)
[LOG 19:10:33]: Parsing Target barycenter in (Kopernicus.Configuration.Body) as (Kopernicus.ConfigParser.BuiltinTypeParsers.NumericParser`1[System.Boolean])
[LOG 19:10:33]: Parsing Target cbNameLater in (Kopernicus.Configuration.Body) as (System.String)
[LOG 19:10:33]: Parsing Target identifier in (Kopernicus.Configuration.Body) as (System.String)
[LOG 19:10:33]: Parsing Target self in (Kopernicus.Configuration.Body) as (System.Collections.Generic.List`1[Kopernicus.ConfigParser.BuiltinTypeParsers.StringCollectionParser])
[LOG 19:10:33]: Parsing Target finalizeOrbit in (Kopernicus.Configuration.Body) as (Kopernicus.ConfigParser.BuiltinTypeParsers.NumericParser`1[System.Boolean])
[LOG 19:10:33]: Parsing Target randomMainMenuBody in (Kopernicus.Configuration.Body) as (Kopernicus.ConfigParser.BuiltinTypeParsers.NumericParser`1[System.Boolean])
[LOG 19:10:33]: Parsing Target contractWeight in (Kopernicus.Configuration.Body) as (Kopernicus.ConfigParser.BuiltinTypeParsers.NumericParser`1[System.Int32])
[LOG 19:10:33]: Parsing Target Properties in (Kopernicus.Configuration.Body) as (Kopernicus.Configuration.PropertiesLoader)
[LOG 19:10:33]: Parsing Target description in (Kopernicus.Configuration.PropertiesLoader) as (System.String)
[LOG 19:10:33]: Parsing Target radius in (Kopernicus.Configuration.PropertiesLoader) as (Kopernicus.ConfigParser.BuiltinTypeParsers.NumericParser`1[System.Double])
[LOG 19:10:33]: Parsing Target geeASL in (Kopernicus.Configuration.PropertiesLoader) as (Kopernicus.ConfigParser.BuiltinTypeParsers.NumericParser`1[System.Double])
[LOG 19:10:33]: Via surface G, set gravParam to 171390541658263, mass to 2.56800250608718E+24
[LOG 19:10:33]: Parsing Target mass in (Kopernicus.Configuration.PropertiesLoader) as (Kopernicus.ConfigParser.BuiltinTypeParsers.NumericParser`1[System.Double])
[LOG 19:10:33]: Parsing Target gravParameter in (Kopernicus.Configuration.PropertiesLoader) as (Kopernicus.ConfigParser.BuiltinTypeParsers.NumericParser`1[System.Double])
[LOG 19:10:33]: Parsing Target rotates in (Kopernicus.Configuration.PropertiesLoader) as (Kopernicus.ConfigParser.BuiltinTypeParsers.NumericParser`1[System.Boolean])
[LOG 19:10:33]: Parsing Target rotationPeriod in (Kopernicus.Configuration.PropertiesLoader) as (Kopernicus.ConfigParser.BuiltinTypeParsers.NumericParser`1[System.Double])
[LOG 19:10:33]: Parsing Target tidallyLocked in (Kopernicus.Configuration.PropertiesLoader) as (Kopernicus.ConfigParser.BuiltinTypeParsers.NumericParser`1[System.Boolean])
[LOG 19:10:33]: Parsing Target initialRotation in (Kopernicus.Configuration.PropertiesLoader) as (Kopernicus.ConfigParser.BuiltinTypeParsers.NumericParser`1[System.Double])
[LOG 19:10:33]: Parsing Target inverseRotThresholdAltitude in (Kopernicus.Configuration.PropertiesLoader) as (Kopernicus.ConfigParser.BuiltinTypeParsers.NumericParser`1[System.Single])
[LOG 19:10:33]: Parsing Target albedo in (Kopernicus.Configuration.PropertiesLoader) as (Kopernicus.ConfigParser.BuiltinTypeParsers.NumericParser`1[System.Double])
[LOG 19:10:33]: Parsing Target emissivity in (Kopernicus.Configuration.PropertiesLoader) as (Kopernicus.ConfigParser.BuiltinTypeParsers.NumericParser`1[System.Double])
[LOG 19:10:33]: Parsing Target coreTemperatureOffset in (Kopernicus.Configuration.PropertiesLoader) as (Kopernicus.ConfigParser.BuiltinTypeParsers.NumericParser`1[System.Double])
[LOG 19:10:33]: Parsing Target timewarpAltitudeLimits in (Kopernicus.Configuration.PropertiesLoader) as (Kopernicus.ConfigParser.BuiltinTypeParsers.NumericCollectionParser`1[System.Single])
[LOG 19:10:33]: Parsing Target sphereOfInfluence in (Kopernicus.Configuration.PropertiesLoader) as (Kopernicus.ConfigParser.BuiltinTypeParsers.NumericParser`1[System.Double])
[LOG 19:10:33]: Parsing Target solarRotationPeriod in (Kopernicus.Configuration.PropertiesLoader) as (Kopernicus.ConfigParser.BuiltinTypeParsers.NumericParser`1[System.Boolean])
[LOG 19:10:33]: Parsing Target navballSwitchRadiusMult in (Kopernicus.Configuration.PropertiesLoader) as (Kopernicus.ConfigParser.BuiltinTypeParsers.NumericParser`1[System.Double])
[LOG 19:10:33]: Parsing Target navballSwitchRadiusMultLow in (Kopernicus.Configuration.PropertiesLoader) as (Kopernicus.ConfigParser.BuiltinTypeParsers.NumericParser`1[System.Double])
[LOG 19:10:33]: Parsing Target ScienceValues in (Kopernicus.Configuration.PropertiesLoader) as (Kopernicus.Configuration.ScienceValuesLoader)
[LOG 19:10:33]: Parsing Target landedDataValue in (Kopernicus.Configuration.ScienceValuesLoader) as (Kopernicus.ConfigParser.BuiltinTypeParsers.NumericParser`1[System.Single])
[LOG 19:10:33]: Parsing Target splashedDataValue in (Kopernicus.Configuration.ScienceValuesLoader) as (Kopernicus.ConfigParser.BuiltinTypeParsers.NumericParser`1[System.Single])
[LOG 19:10:33]: Parsing Target flyingLowDataValue in (Kopernicus.Configuration.ScienceValuesLoader) as (Kopernicus.ConfigParser.BuiltinTypeParsers.NumericParser`1[System.Single])
[LOG 19:10:33]: Parsing Target flyingHighDataValue in (Kopernicus.Configuration.ScienceValuesLoader) as (Kopernicus.ConfigParser.BuiltinTypeParsers.NumericParser`1[System.Single])
[LOG 19:10:33]: Parsing Target inSpaceLowDataValue in (Kopernicus.Configuration.ScienceValuesLoader) as (Kopernicus.ConfigParser.BuiltinTypeParsers.NumericParser`1[System.Single])
[LOG 19:10:33]: Parsing Target inSpaceHighDataValue in (Kopernicus.Configuration.ScienceValuesLoader) as (Kopernicus.ConfigParser.BuiltinTypeParsers.NumericParser`1[System.Single])
[LOG 19:10:33]: Parsing Target recoveryValue in (Kopernicus.Configuration.ScienceValuesLoader) as (Kopernicus.ConfigParser.BuiltinTypeParsers.NumericParser`1[System.Single])
[LOG 19:10:33]: Parsing Target flyingAltitudeThreshold in (Kopernicus.Configuration.ScienceValuesLoader) as (Kopernicus.ConfigParser.BuiltinTypeParsers.NumericParser`1[System.Single])
[LOG 19:10:33]: Parsing Target spaceAltitudeThreshold in (Kopernicus.Configuration.ScienceValuesLoader) as (Kopernicus.ConfigParser.BuiltinTypeParsers.NumericParser`1[System.Single])
[LOG 19:10:33]: Parsing Target biomeMap in (Kopernicus.Configuration.PropertiesLoader) as (Kopernicus.Configuration.Parsing.MapSOParserRGB`1[CBAttributeMapSO])
[LOG 19:10:33]: Parsing Target nonExactThreshold in (Kopernicus.Configuration.PropertiesLoader) as (Kopernicus.ConfigParser.BuiltinTypeParsers.NumericParser`1[System.Single])
[LOG 19:10:33]: Parsing Target exactSearch in (Kopernicus.Configuration.PropertiesLoader) as (Kopernicus.ConfigParser.BuiltinTypeParsers.NumericParser`1[System.Boolean])
[LOG 19:10:33]: Parsing Target Biomes in (Kopernicus.Configuration.PropertiesLoader) as (Kopernicus.Configuration.Parsing.CallbackList`1[Kopernicus.Configuration.BiomeLoader])
[LOG 19:10:33]: Parsing Target name in (Kopernicus.Configuration.BiomeLoader) as (System.String)
[LOG 19:10:33]: Parsing Target displayName in (Kopernicus.Configuration.BiomeLoader) as (System.String)
[LOG 19:10:33]: Parsing Target value in (Kopernicus.Configuration.BiomeLoader) as (Kopernicus.ConfigParser.BuiltinTypeParsers.NumericParser`1[System.Single])
[LOG 19:10:33]: Parsing Target color in (Kopernicus.Configuration.BiomeLoader) as (Kopernicus.ConfigParser.BuiltinTypeParsers.ColorParser)
[LOG 19:10:33]: Parsing Target name in (Kopernicus.Configuration.BiomeLoader) as (System.String)
[LOG 19:10:33]: Parsing Target displayName in (Kopernicus.Configuration.BiomeLoader) as (System.String)
[LOG 19:10:33]: Parsing Target value in (Kopernicus.Configuration.BiomeLoader) as (Kopernicus.ConfigParser.BuiltinTypeParsers.NumericParser`1[System.Single])
[LOG 19:10:33]: Parsing Target color in (Kopernicus.Configuration.BiomeLoader) as (Kopernicus.ConfigParser.BuiltinTypeParsers.ColorParser)
[LOG 19:10:33]: Parsing Target name in (Kopernicus.Configuration.BiomeLoader) as (System.String)
[LOG 19:10:33]: Parsing Target displayName in (Kopernicus.Configuration.BiomeLoader) as (System.String)
[LOG 19:10:33]: Parsing Target value in (Kopernicus.Configuration.BiomeLoader) as (Kopernicus.ConfigParser.BuiltinTypeParsers.NumericParser`1[System.Single])
[LOG 19:10:33]: Parsing Target color in (Kopernicus.Configuration.BiomeLoader) as (Kopernicus.ConfigParser.BuiltinTypeParsers.ColorParser)
[LOG 19:10:33]: Parsing Target name in (Kopernicus.Configuration.BiomeLoader) as (System.String)
[LOG 19:10:33]: Parsing Target displayName in (Kopernicus.Configuration.BiomeLoader) as (System.String)
[LOG 19:10:33]: Parsing Target value in (Kopernicus.Configuration.BiomeLoader) as (Kopernicus.ConfigParser.BuiltinTypeParsers.NumericParser`1[System.Single])
[LOG 19:10:33]: Parsing Target color in (Kopernicus.Configuration.BiomeLoader) as (Kopernicus.ConfigParser.BuiltinTypeParsers.ColorParser)
[LOG 19:10:33]: Parsing Target name in (Kopernicus.Configuration.BiomeLoader) as (System.String)
[LOG 19:10:33]: Parsing Target displayName in (Kopernicus.Configuration.BiomeLoader) as (System.String)
[LOG 19:10:33]: Parsing Target value in (Kopernicus.Configuration.BiomeLoader) as (Kopernicus.ConfigParser.BuiltinTypeParsers.NumericParser`1[System.Single])
[LOG 19:10:33]: Parsing Target color in (Kopernicus.Configuration.BiomeLoader) as (Kopernicus.ConfigParser.BuiltinTypeParsers.ColorParser)
[LOG 19:10:33]: Parsing Target useTheInName in (Kopernicus.Configuration.PropertiesLoader) as (Kopernicus.ConfigParser.BuiltinTypeParsers.NumericParser`1[System.Boolean])
[LOG 19:10:33]: Parsing Target displayName in (Kopernicus.Configuration.PropertiesLoader) as (System.String)
[LOG 19:10:33]: Parsing Target selectable in (Kopernicus.Configuration.PropertiesLoader) as (Kopernicus.ConfigParser.BuiltinTypeParsers.NumericParser`1[System.Boolean])
[LOG 19:10:33]: Parsing Target RnDVisibility in (Kopernicus.Configuration.PropertiesLoader) as (Kopernicus.ConfigParser.BuiltinTypeParsers.EnumParser`1[Kopernicus.Configuration.PropertiesLoader+RnDVisibility])
[LOG 19:10:33]: Parsing Target RDVisibility in (Kopernicus.Configuration.PropertiesLoader) as (Kopernicus.ConfigParser.BuiltinTypeParsers.EnumParser`1[Kopernicus.Configuration.PropertiesLoader+RnDVisibility])
[LOG 19:10:33]: Parsing Target RnDRotation in (Kopernicus.Configuration.PropertiesLoader) as (Kopernicus.ConfigParser.BuiltinTypeParsers.NumericParser`1[System.Boolean])
[LOG 19:10:33]: Parsing Target maxZoom in (Kopernicus.Configuration.PropertiesLoader) as (Kopernicus.ConfigParser.BuiltinTypeParsers.NumericParser`1[System.Single])
[LOG 19:10:33]: --------- Science Values ------------
[LOG 19:10:33]: LandedDataValue = 10
[LOG 19:10:33]: SplashedDataValue = 12
[LOG 19:10:33]: FlyingLowDataValue = 8
[LOG 19:10:33]: FlyingHighDataValue = 7
[LOG 19:10:33]: InSpaceLowDataValue = 7
[LOG 19:10:33]: InSpaceHighDataValue = 5
[LOG 19:10:33]: RecoveryValue = 15
[LOG 19:10:33]: flyingAltitudeThreshold = 6000
[LOG 19:10:33]: spaceAltitudeThreshold = 260000
[LOG 19:10:33]: --------------------------------------
[LOG 19:10:33]: Found Biome: Polar Lakes : RGBA(1.000, 1.000, 0.000, 1.000) : 0.5
[LOG 19:10:33]: Found Biome: Islands : RGBA(0.000, 1.000, 0.000, 1.000) : 1
[LOG 19:10:33]: Found Biome: Neverending Ocean : RGBA(0.000, 0.000, 1.000, 1.000) : 0.5
[LOG 19:10:33]: Found Biome: Polar Continent : RGBA(1.000, 1.000, 1.000, 1.000) : 0.5
[LOG 19:10:33]: Found Biome: Inland Lakes : RGBA(0.000, 1.000, 1.000, 1.000) : 0.5
[LOG 19:10:33]: Added Progress Tree
[LOG 19:10:33]: Parsing Target Orbit in (Kopernicus.Configuration.Body) as (Kopernicus.Configuration.OrbitLoader)
[LOG 19:10:33]: Parsing Target referenceBody in (Kopernicus.Configuration.OrbitLoader) as (System.String)
[LOG 19:10:33]: Parsing Target inclination in (Kopernicus.Configuration.OrbitLoader) as (Kopernicus.ConfigParser.BuiltinTypeParsers.NumericParser`1[System.Double])
[LOG 19:10:33]: Parsing Target eccentricity in (Kopernicus.Configuration.OrbitLoader) as (Kopernicus.ConfigParser.BuiltinTypeParsers.NumericParser`1[System.Double])
[LOG 19:10:33]: Parsing Target semiMajorAxis in (Kopernicus.Configuration.OrbitLoader) as (Kopernicus.ConfigParser.BuiltinTypeParsers.NumericParser`1[System.Double])
[LOG 19:10:33]: Parsing Target longitudeOfAscendingNode in (Kopernicus.Configuration.OrbitLoader) as (Kopernicus.ConfigParser.BuiltinTypeParsers.NumericParser`1[System.Double])
[LOG 19:10:33]: Parsing Target argumentOfPeriapsis in (Kopernicus.Configuration.OrbitLoader) as (Kopernicus.ConfigParser.BuiltinTypeParsers.NumericParser`1[System.Double])
[LOG 19:10:33]: Parsing Target meanAnomalyAtEpoch in (Kopernicus.Configuration.OrbitLoader) as (Kopernicus.ConfigParser.BuiltinTypeParsers.NumericParser`1[System.Double])
[LOG 19:10:33]: Parsing Target meanAnomalyAtEpochD in (Kopernicus.Configuration.OrbitLoader) as (Kopernicus.ConfigParser.BuiltinTypeParsers.NumericParser`1[System.Double])
[LOG 19:10:33]: Parsing Target epoch in (Kopernicus.Configuration.OrbitLoader) as (Kopernicus.ConfigParser.BuiltinTypeParsers.NumericParser`1[System.Double])
[LOG 19:10:33]: Parsing Target color in (Kopernicus.Configuration.OrbitLoader) as (Kopernicus.ConfigParser.BuiltinTypeParsers.ColorParser)
[LOG 19:10:33]: Parsing Target nodeColor in (Kopernicus.Configuration.OrbitLoader) as (Kopernicus.ConfigParser.BuiltinTypeParsers.ColorParser)
[LOG 19:10:33]: Parsing Target iconColor in (Kopernicus.Configuration.OrbitLoader) as (Kopernicus.ConfigParser.BuiltinTypeParsers.ColorParser)
[LOG 19:10:33]: Parsing Target mode in (Kopernicus.Configuration.OrbitLoader) as (Kopernicus.ConfigParser.BuiltinTypeParsers.EnumParser`1[OrbitRendererBase+DrawMode])
[LOG 19:10:33]: Parsing Target icon in (Kopernicus.Configuration.OrbitLoader) as (Kopernicus.ConfigParser.BuiltinTypeParsers.EnumParser`1[OrbitRendererBase+DrawIcons])
[LOG 19:10:33]: Parsing Target cameraSmaRatioBounds in (Kopernicus.Configuration.OrbitLoader) as (Kopernicus.ConfigParser.BuiltinTypeParsers.NumericCollectionParser`1[System.Single])
[LOG 19:10:33]: Parsing Target period in (Kopernicus.Configuration.OrbitLoader) as (Kopernicus.ConfigParser.BuiltinTypeParsers.NumericParser`1[System.Double])
[LOG 19:10:33]: Parsing Target iconTexture in (Kopernicus.Configuration.OrbitLoader) as (Kopernicus.Configuration.Parsing.Texture2DParser)
[LOG 19:10:33]: Parsing Target ScaledVersion in (Kopernicus.Configuration.Body) as (Kopernicus.Configuration.ScaledVersionLoader)
[LOG 19:10:33]: Parsing Target type in (Kopernicus.Configuration.ScaledVersionLoader) as (Kopernicus.ConfigParser.BuiltinTypeParsers.EnumParser`1[Kopernicus.Configuration.Enumerations.ScaledMaterialType])
[LOG 19:10:33]: Copying "celestialBody": <NULL> => <NULL>
[LOG 19:10:33]: Copying "floatName": <NULL> => _Opacity
[LOG 19:10:33]: Copying "fadeStart": 0 => 1000
[LOG 19:10:33]: Copying "fadeEnd": 0 => 40000
[LOG 19:10:33]: Copying "highQualityShaderFadeStart": -1 => -1
[LOG 19:10:33]: Copying "highQualityShaderFadeEnd": -1 => -1
[LOG 19:10:33]: Copying "r": <NULL> => <NULL>
[LOG 19:10:33]: Parsing Target fadeStart in (Kopernicus.Configuration.ScaledVersionLoader) as (Kopernicus.ConfigParser.BuiltinTypeParsers.NumericParser`1[System.Single])
[LOG 19:10:33]: Parsing Target fadeEnd in (Kopernicus.Configuration.ScaledVersionLoader) as (Kopernicus.ConfigParser.BuiltinTypeParsers.NumericParser`1[System.Single])
[LOG 19:10:33]: Parsing Target Light in (Kopernicus.Configuration.ScaledVersionLoader) as (Kopernicus.Configuration.LightShifterLoader)
[LOG 19:10:33]: Parsing Target sphericalModel in (Kopernicus.Configuration.ScaledVersionLoader) as (Kopernicus.ConfigParser.BuiltinTypeParsers.NumericParser`1[System.Boolean])
[LOG 19:10:33]: Parsing Target deferMesh in (Kopernicus.Configuration.ScaledVersionLoader) as (Kopernicus.ConfigParser.BuiltinTypeParsers.NumericParser`1[System.Boolean])
[LOG 19:10:33]: Parsing Target invisible in (Kopernicus.Configuration.ScaledVersionLoader) as (Kopernicus.ConfigParser.BuiltinTypeParsers.NumericParser`1[System.Boolean])
[LOG 19:10:33]: Parsing Target Material in (Kopernicus.Configuration.ScaledVersionLoader) as (UnityEngine.Material)
[LOG 19:10:33]: Parsing Target color in (Kopernicus.Configuration.MaterialLoader.ScaledPlanetRimAerialLoader) as (Kopernicus.ConfigParser.BuiltinTypeParsers.ColorParser)
[LOG 19:10:33]: Parsing Target specColor in (Kopernicus.Configuration.MaterialLoader.ScaledPlanetRimAerialLoader) as (Kopernicus.ConfigParser.BuiltinTypeParsers.ColorParser)
[LOG 19:10:33]: Parsing Target shininess in (Kopernicus.Configuration.MaterialLoader.ScaledPlanetRimAerialLoader) as (Kopernicus.ConfigParser.BuiltinTypeParsers.NumericParser`1[System.Single])
[LOG 19:10:33]: Parsing Target texture in (Kopernicus.Configuration.MaterialLoader.ScaledPlanetRimAerialLoader) as (Kopernicus.Configuration.Parsing.Texture2DParser)
[LOG 19:10:33]: Parsing Target mainTex in (Kopernicus.Configuration.MaterialLoader.ScaledPlanetRimAerialLoader) as (Kopernicus.Configuration.Parsing.Texture2DParser)
[LOG 19:10:33]: Parsing Target mainTexScale in (Kopernicus.Configuration.MaterialLoader.ScaledPlanetRimAerialLoader) as (Kopernicus.ConfigParser.BuiltinTypeParsers.Vector2Parser)
[LOG 19:10:33]: Parsing Target mainTexOffset in (Kopernicus.Configuration.MaterialLoader.ScaledPlanetRimAerialLoader) as (Kopernicus.ConfigParser.BuiltinTypeParsers.Vector2Parser)
[LOG 19:10:33]: Parsing Target normals in (Kopernicus.Configuration.MaterialLoader.ScaledPlanetRimAerialLoader) as (Kopernicus.Configuration.Parsing.Texture2DParser)
[LOG 19:10:33]: Parsing Target bumpMap in (Kopernicus.Configuration.MaterialLoader.ScaledPlanetRimAerialLoader) as (Kopernicus.Configuration.Parsing.Texture2DParser)
[LOG 19:10:33]: Parsing Target bumpMapScale in (Kopernicus.Configuration.MaterialLoader.ScaledPlanetRimAerialLoader) as (Kopernicus.ConfigParser.BuiltinTypeParsers.Vector2Parser)
[LOG 19:10:33]: Parsing Target bumpMapOffset in (Kopernicus.Configuration.MaterialLoader.ScaledPlanetRimAerialLoader) as (Kopernicus.ConfigParser.BuiltinTypeParsers.Vector2Parser)
[LOG 19:10:33]: Parsing Target opacity in (Kopernicus.Configuration.MaterialLoader.ScaledPlanetRimAerialLoader) as (Kopernicus.ConfigParser.BuiltinTypeParsers.NumericParser`1[System.Single])
[LOG 19:10:33]: Parsing Target rimPower in (Kopernicus.Configuration.MaterialLoader.ScaledPlanetRimAerialLoader) as (Kopernicus.ConfigParser.BuiltinTypeParsers.NumericParser`1[System.Single])
[LOG 19:10:33]: Parsing Target rimBlend in (Kopernicus.Configuration.MaterialLoader.ScaledPlanetRimAerialLoader) as (Kopernicus.ConfigParser.BuiltinTypeParsers.NumericParser`1[System.Single])
[LOG 19:10:33]: Parsing Target rimColorRamp in (Kopernicus.Configuration.MaterialLoader.ScaledPlanetRimAerialLoader) as (Kopernicus.Configuration.Parsing.Texture2DParser)
[LOG 19:10:33]: Parsing Target rimColorRampScale in (Kopernicus.Configuration.MaterialLoader.ScaledPlanetRimAerialLoader) as (Kopernicus.ConfigParser.BuiltinTypeParsers.Vector2Parser)
[LOG 19:10:33]: Parsing Target rimColorRampOffset in (Kopernicus.Configuration.MaterialLoader.ScaledPlanetRimAerialLoader) as (Kopernicus.ConfigParser.BuiltinTypeParsers.Vector2Parser)
[LOG 19:10:33]: Parsing Target Gradient in (Kopernicus.Configuration.MaterialLoader.ScaledPlanetRimAerialLoader) as (Kopernicus.Configuration.Parsing.Gradient)
[LOG 19:10:33]: Parsing Target localLightDirection in (Kopernicus.Configuration.MaterialLoader.ScaledPlanetRimAerialLoader) as (Kopernicus.ConfigParser.BuiltinTypeParsers.Vector4Parser)
[LOG 19:10:33]: Parsing Target resourceMap in (Kopernicus.Configuration.MaterialLoader.ScaledPlanetRimAerialLoader) as (Kopernicus.Configuration.Parsing.Texture2DParser)
[LOG 19:10:33]: Parsing Target resourceMapScale in (Kopernicus.Configuration.MaterialLoader.ScaledPlanetRimAerialLoader) as (Kopernicus.ConfigParser.BuiltinTypeParsers.Vector2Parser)
[LOG 19:10:33]: Parsing Target resourceMapOffset in (Kopernicus.Configuration.MaterialLoader.ScaledPlanetRimAerialLoader) as (Kopernicus.ConfigParser.BuiltinTypeParsers.Vector2Parser)
[LOG 19:10:33]: Parsing Target OnDemand in (Kopernicus.Configuration.ScaledVersionLoader) as (Kopernicus.Configuration.ScaledVersionLoader+OnDemandConfig)
[LOG 19:10:33]: Parsing Target TextureOptions in (Kopernicus.Configuration.ScaledVersionLoader) as (Kopernicus.UI.PlanetTextureExporter+TextureOptions)
[LOG 19:10:33]: Parsing Target Coronas in (Kopernicus.Configuration.ScaledVersionLoader) as (System.Collections.Generic.List`1[Kopernicus.Configuration.CoronaLoader])
[LOG 19:10:33]: ============= Scaled Version Dump ===================
[LOG 19:10:33]: Fust (UnityEngine.GameObject)
[LOG 19:10:33]:  >>> Components <<< 
[LOG 19:10:33]:  Fust (UnityEngine.Transform)
[LOG 19:10:33]:  Fust (UnityEngine.MeshFilter)
[LOG 19:10:33]:  Fust (UnityEngine.MeshRenderer)
[LOG 19:10:33]:  Fust (UnityEngine.SphereCollider)
[LOG 19:10:33]:  Fust (MaterialSetDirection)
[LOG 19:10:33]:  Fust (Kopernicus.Components.SharedScaledSpaceFader)
[LOG 19:10:33]:  >>> ---------- <<< 
[LOG 19:10:33]:     Atmosphere (UnityEngine.GameObject)
[LOG 19:10:33]:      >>> Components <<< 
[LOG 19:10:33]:      Atmosphere (UnityEngine.Transform)
[LOG 19:10:33]:      Atmosphere (UnityEngine.MeshFilter)
[LOG 19:10:33]:      Atmosphere (UnityEngine.MeshRenderer)
[LOG 19:10:33]:      Atmosphere (AtmosphereFromGround)
[LOG 19:10:33]:      >>> ---------- <<< 
[LOG 19:10:33]: ===========================================
[LOG 19:10:33]: Parsing Target Atmosphere in (Kopernicus.Configuration.Body) as (Kopernicus.Configuration.AtmosphereLoader)
[LOG 19:10:33]: Parsing Target enabled in (Kopernicus.Configuration.AtmosphereLoader) as (Kopernicus.ConfigParser.BuiltinTypeParsers.NumericParser`1[System.Boolean])
[LOG 19:10:33]: Parsing Target addAFG in (Kopernicus.Configuration.AtmosphereLoader) as (Kopernicus.ConfigParser.BuiltinTypeParsers.NumericParser`1[System.Boolean])
[LOG 19:10:33]: Parsing Target oxygen in (Kopernicus.Configuration.AtmosphereLoader) as (Kopernicus.ConfigParser.BuiltinTypeParsers.NumericParser`1[System.Boolean])
[LOG 19:10:33]: Parsing Target staticDensityASL in (Kopernicus.Configuration.AtmosphereLoader) as (Kopernicus.ConfigParser.BuiltinTypeParsers.NumericParser`1[System.Double])
[LOG 19:10:33]: Parsing Target adiabaticIndex in (Kopernicus.Configuration.AtmosphereLoader) as (Kopernicus.ConfigParser.BuiltinTypeParsers.NumericParser`1[System.Double])
[LOG 19:10:33]: Parsing Target atmosphereDepth in (Kopernicus.Configuration.AtmosphereLoader) as (Kopernicus.ConfigParser.BuiltinTypeParsers.NumericParser`1[System.Double])
[LOG 19:10:33]: Parsing Target altitude in (Kopernicus.Configuration.AtmosphereLoader) as (Kopernicus.ConfigParser.BuiltinTypeParsers.NumericParser`1[System.Double])
[LOG 19:10:33]: Parsing Target maxAltitude in (Kopernicus.Configuration.AtmosphereLoader) as (Kopernicus.ConfigParser.BuiltinTypeParsers.NumericParser`1[System.Double])
[LOG 19:10:33]: Parsing Target gasMassLapseRate in (Kopernicus.Configuration.AtmosphereLoader) as (Kopernicus.ConfigParser.BuiltinTypeParsers.NumericParser`1[System.Double])
[LOG 19:10:33]: Parsing Target atmosphereMolarMass in (Kopernicus.Configuration.AtmosphereLoader) as (Kopernicus.ConfigParser.BuiltinTypeParsers.NumericParser`1[System.Double])
[LOG 19:10:33]: Parsing Target pressureCurve in (Kopernicus.Configuration.AtmosphereLoader) as (System.Collections.Generic.List`1[Kopernicus.ConfigParser.BuiltinTypeParsers.NumericCollectionParser`1[System.Single]])
[LOG 19:10:33]: Parsing Target pressureCurveIsNormalized in (Kopernicus.Configuration.AtmosphereLoader) as (Kopernicus.ConfigParser.BuiltinTypeParsers.NumericParser`1[System.Boolean])
[LOG 19:10:33]: Parsing Target staticPressureASL in (Kopernicus.Configuration.AtmosphereLoader) as (Kopernicus.ConfigParser.BuiltinTypeParsers.NumericParser`1[System.Double])
[LOG 19:10:33]: Parsing Target temperatureCurve in (Kopernicus.Configuration.AtmosphereLoader) as (System.Collections.Generic.List`1[Kopernicus.ConfigParser.BuiltinTypeParsers.NumericCollectionParser`1[System.Single]])
[LOG 19:10:33]: Parsing Target temperatureCurveIsNormalized in (Kopernicus.Configuration.AtmosphereLoader) as (Kopernicus.ConfigParser.BuiltinTypeParsers.NumericParser`1[System.Boolean])
[LOG 19:10:33]: Parsing Target temperatureLapseRate in (Kopernicus.Configuration.AtmosphereLoader) as (Kopernicus.ConfigParser.BuiltinTypeParsers.NumericParser`1[System.Double])
[LOG 19:10:33]: Parsing Target temperatureSeaLevel in (Kopernicus.Configuration.AtmosphereLoader) as (Kopernicus.ConfigParser.BuiltinTypeParsers.NumericParser`1[System.Double])
[LOG 19:10:33]: Parsing Target temperatureSunMultCurve in (Kopernicus.Configuration.AtmosphereLoader) as (System.Collections.Generic.List`1[Kopernicus.ConfigParser.BuiltinTypeParsers.NumericCollectionParser`1[System.Single]])
[LOG 19:10:33]: Parsing Target temperatureLatitudeBiasCurve in (Kopernicus.Configuration.AtmosphereLoader) as (System.Collections.Generic.List`1[Kopernicus.ConfigParser.BuiltinTypeParsers.NumericCollectionParser`1[System.Single]])
[LOG 19:10:33]: Parsing Target temperatureLatitudeSunMultCurve in (Kopernicus.Configuration.AtmosphereLoader) as (System.Collections.Generic.List`1[Kopernicus.ConfigParser.BuiltinTypeParsers.NumericCollectionParser`1[System.Single]])
[LOG 19:10:33]: Parsing Target temperatureAxialSunBiasCurve in (Kopernicus.Configuration.AtmosphereLoader) as (System.Collections.Generic.List`1[Kopernicus.ConfigParser.BuiltinTypeParsers.NumericCollectionParser`1[System.Single]])
[LOG 19:10:33]: Parsing Target temperatureAxialSunMultCurve in (Kopernicus.Configuration.AtmosphereLoader) as (System.Collections.Generic.List`1[Kopernicus.ConfigParser.BuiltinTypeParsers.NumericCollectionParser`1[System.Single]])
[LOG 19:10:33]: Parsing Target temperatureEccentricityBiasCurve in (Kopernicus.Configuration.AtmosphereLoader) as (System.Collections.Generic.List`1[Kopernicus.ConfigParser.BuiltinTypeParsers.NumericCollectionParser`1[System.Single]])
[LOG 19:10:33]: Parsing Target ambientColor in (Kopernicus.Configuration.AtmosphereLoader) as (Kopernicus.ConfigParser.BuiltinTypeParsers.ColorParser)
[LOG 19:10:33]: Parsing Target AtmosphereFromGround in (Kopernicus.Configuration.AtmosphereLoader) as (Kopernicus.Configuration.AtmosphereFromGroundLoader)
[LOG 19:10:33]: Parsing Target lightColor in (Kopernicus.Configuration.AtmosphereLoader) as (Kopernicus.ConfigParser.BuiltinTypeParsers.ColorParser)
[LOG 19:10:33]: Parsing Target PQS in (Kopernicus.Configuration.Body) as (Kopernicus.Configuration.PQSLoader)
[LOG 19:10:33]: Parsing Target materialType in (Kopernicus.Configuration.PQSLoader) as (Kopernicus.ConfigParser.BuiltinTypeParsers.EnumParser`1[Kopernicus.Configuration.Enumerations.NewShaderSurfaceMaterialType])
[LOG 19:10:33]: Parsing Target PhysicsMaterial in (Kopernicus.Configuration.PQSLoader) as (Kopernicus.Configuration.Parsing.PhysicsMaterialParser)
[LOG 19:10:33]: Parsing Target minLevel in (Kopernicus.Configuration.PQSLoader) as (Kopernicus.ConfigParser.BuiltinTypeParsers.NumericParser`1[System.Int32])
[LOG 19:10:33]: Parsing Target maxLevel in (Kopernicus.Configuration.PQSLoader) as (Kopernicus.ConfigParser.BuiltinTypeParsers.NumericParser`1[System.Int32])
[LOG 19:10:33]: Parsing Target minDetailDistance in (Kopernicus.Configuration.PQSLoader) as (Kopernicus.ConfigParser.BuiltinTypeParsers.NumericParser`1[System.Double])
[LOG 19:10:33]: Parsing Target maxQuadLengthsPerFrame in (Kopernicus.Configuration.PQSLoader) as (Kopernicus.ConfigParser.BuiltinTypeParsers.NumericParser`1[System.Single])
[LOG 19:10:33]: Parsing Target fadeStart in (Kopernicus.Configuration.PQSLoader) as (Kopernicus.ConfigParser.BuiltinTypeParsers.NumericParser`1[System.Single])
[LOG 19:10:33]: Parsing Target fadeEnd in (Kopernicus.Configuration.PQSLoader) as (Kopernicus.ConfigParser.BuiltinTypeParsers.NumericParser`1[System.Single])
[LOG 19:10:33]: Parsing Target deactivateAltitude in (Kopernicus.Configuration.PQSLoader) as (Kopernicus.ConfigParser.BuiltinTypeParsers.NumericParser`1[System.Double])
[LOG 19:10:33]: Parsing Target mapMaxHeight in (Kopernicus.Configuration.PQSLoader) as (Kopernicus.ConfigParser.BuiltinTypeParsers.NumericParser`1[System.Double])
[LOG 19:10:33]: Parsing Target Material in (Kopernicus.Configuration.PQSLoader) as (UnityEngine.Material)
[LOG 19:10:33]: Parsing Target FallbackMaterial in (Kopernicus.Configuration.PQSLoader) as (UnityEngine.Material)
[LOG 19:10:33]: Parsing Target Mods in (Kopernicus.Configuration.PQSLoader) as (System.Collections.Generic.List`1[Kopernicus.Configuration.ModLoader.IModLoader])
[LOG 19:10:33]: Exception Was Recorded: Value cannot be null.
Parameter name: type
  at System.Activator.CreateInstance (System.Type type, System.Boolean nonPublic) [0x00003] in <9577ac7a62ef43179789031239ba8798>:0 
  at System.Activator.CreateInstance (System.Type type) [0x00000] in <9577ac7a62ef43179789031239ba8798>:0 
  at Kopernicus.ConfigParser.Parser.LoadCollectionMemberFromConfigurationNode (System.Reflection.MemberInfo member, System.Object o, ConfigNode node, System.String configName, System.Boolean getChildren) [0x007c6] in <395892e8bc6a43f7a7ef20a5d37d4d79>:0 
  at Kopernicus.ConfigParser.Parser.LoadObjectFromConfigurationNode (System.Object o, ConfigNode node, System.String configName, System.Boolean getChildren) [0x0014b] in <395892e8bc6a43f7a7ef20a5d37d4d79>:0 
  at Kopernicus.ConfigParser.Parser.LoadObjectMemberFromConfigurationNode (System.Reflection.MemberInfo member, System.Object o, ConfigNode node, System.String configName, System.Boolean getChildren) [0x0030d] in <395892e8bc6a43f7a7ef20a5d37d4d79>:0 
  at Kopernicus.ConfigParser.Parser.LoadObjectFromConfigurationNode (System.Object o, ConfigNode node, System.String configName, System.Boolean getChildren) [0x0015d] in <395892e8bc6a43f7a7ef20a5d37d4d79>:0 
  at Kopernicus.Configuration.Loader.Kopernicus.ConfigParser.Interfaces.IParserEventSubscriber.PostApply (ConfigNode node) [0x000d7] in <d9af3641c298421987b4fb6f8eb9e99f>:0 
