//==============================================================================================================================//
//=====  CKAN Stable Kopernicus Release-90 - (BuildDate: 10.04.2022 23:33:18; AssemblyHash: YMO/nMdQkQ4jqoKaV9BkZlmO9tE=)  =====//
//==============================================================================================================================//
[LOG 19:10:33]: Logger "Valentine.Body" was created
[LOG 19:10:33]: Parsing Target name in (Kopernicus.Configuration.Body) as (System.String)
[LOG 19:10:33]: Parsing Target Template in (Kopernicus.Configuration.Body) as (Kopernicus.Configuration.TemplateLoader)
[LOG 19:10:33]: Parsing Target name in (Kopernicus.Configuration.TemplateLoader) as (System.String)
[LOG 19:10:33]: Parsing Target removePQS in (Kopernicus.Configuration.TemplateLoader) as (Kopernicus.ConfigParser.BuiltinTypeParsers.NumericParser`1[System.Boolean])
[LOG 19:10:33]: Parsing Target removeBiomes in (Kopernicus.Configuration.TemplateLoader) as (Kopernicus.ConfigParser.BuiltinTypeParsers.NumericParser`1[System.Boolean])
[LOG 19:10:33]: Parsing Target removeAtmosphere in (Kopernicus.Configuration.TemplateLoader) as (Kopernicus.ConfigParser.BuiltinTypeParsers.NumericParser`1[System.Boolean])
[LOG 19:10:33]: Parsing Target removeOcean in (Kopernicus.Configuration.TemplateLoader) as (Kopernicus.ConfigParser.BuiltinTypeParsers.NumericParser`1[System.Boolean])
[LOG 19:10:33]: Parsing Target removePQSMods in (Kopernicus.Configuration.TemplateLoader) as (Kopernicus.ConfigParser.BuiltinTypeParsers.StringCollectionParser)
[LOG 19:10:33]: Parsing Target removeAllPQSMods in (Kopernicus.Configuration.TemplateLoader) as (Kopernicus.ConfigParser.BuiltinTypeParsers.NumericParser`1[System.Boolean])
[LOG 19:10:33]: Parsing Target removeProgressTree in (Kopernicus.Configuration.TemplateLoader) as (Kopernicus.ConfigParser.BuiltinTypeParsers.NumericParser`1[System.Boolean])
[LOG 19:10:33]: Parsing Target removeCoronas in (Kopernicus.Configuration.TemplateLoader) as (Kopernicus.ConfigParser.BuiltinTypeParsers.NumericParser`1[System.Boolean])
[LOG 19:10:33]: Using Template "Sun"
[LOG 19:10:33]: Parsing Target cacheFile in (Kopernicus.Configuration.Body) as (System.String)
[LOG 19:10:33]: Parsing Target barycenter in (Kopernicus.Configuration.Body) as (Kopernicus.ConfigParser.BuiltinTypeParsers.NumericParser`1[System.Boolean])
[LOG 19:10:33]: Parsing Target cbNameLater in (Kopernicus.Configuration.Body) as (System.String)
[LOG 19:10:33]: Parsing Target identifier in (Kopernicus.Configuration.Body) as (System.String)
[LOG 19:10:33]: Parsing Target self in (Kopernicus.Configuration.Body) as (System.Collections.Generic.List`1[Kopernicus.ConfigParser.BuiltinTypeParsers.StringCollectionParser])
[LOG 19:10:33]: Parsing Target finalizeOrbit in (Kopernicus.Configuration.Body) as (Kopernicus.ConfigParser.BuiltinTypeParsers.NumericParser`1[System.Boolean])
[LOG 19:10:33]: Parsing Target randomMainMenuBody in (Kopernicus.Configuration.Body) as (Kopernicus.ConfigParser.BuiltinTypeParsers.NumericParser`1[System.Boolean])
[LOG 19:10:33]: Parsing Target contractWeight in (Kopernicus.Configuration.Body) as (Kopernicus.ConfigParser.BuiltinTypeParsers.NumericParser`1[System.Int32])
[LOG 19:10:33]: Parsing Target Properties in (Kopernicus.Configuration.Body) as (Kopernicus.Configuration.PropertiesLoader)
[LOG 19:10:33]: Parsing Target description in (Kopernicus.Configuration.PropertiesLoader) as (System.String)
[LOG 19:10:33]: Parsing Target radius in (Kopernicus.Configuration.PropertiesLoader) as (Kopernicus.ConfigParser.BuiltinTypeParsers.NumericParser`1[System.Double])
[LOG 19:10:33]: Parsing Target geeASL in (Kopernicus.Configuration.PropertiesLoader) as (Kopernicus.ConfigParser.BuiltinTypeParsers.NumericParser`1[System.Double])
[LOG 19:10:33]: Via surface G, set gravParam to 4.08402047476452E+17, mass to 6.11922613268724E+27
[LOG 19:10:33]: Parsing Target mass in (Kopernicus.Configuration.PropertiesLoader) as (Kopernicus.ConfigParser.BuiltinTypeParsers.NumericParser`1[System.Double])
[LOG 19:10:33]: Via mass, set gravParam to 5.86173434168E+16, surface G to 0.125300402187178
[LOG 19:10:33]: Parsing Target gravParameter in (Kopernicus.Configuration.PropertiesLoader) as (Kopernicus.ConfigParser.BuiltinTypeParsers.NumericParser`1[System.Double])
[LOG 19:10:33]: Parsing Target rotates in (Kopernicus.Configuration.PropertiesLoader) as (Kopernicus.ConfigParser.BuiltinTypeParsers.NumericParser`1[System.Boolean])
[LOG 19:10:33]: Parsing Target rotationPeriod in (Kopernicus.Configuration.PropertiesLoader) as (Kopernicus.ConfigParser.BuiltinTypeParsers.NumericParser`1[System.Double])
[LOG 19:10:33]: Parsing Target tidallyLocked in (Kopernicus.Configuration.PropertiesLoader) as (Kopernicus.ConfigParser.BuiltinTypeParsers.NumericParser`1[System.Boolean])
[LOG 19:10:33]: Parsing Target initialRotation in (Kopernicus.Configuration.PropertiesLoader) as (Kopernicus.ConfigParser.BuiltinTypeParsers.NumericParser`1[System.Double])
[LOG 19:10:33]: Parsing Target inverseRotThresholdAltitude in (Kopernicus.Configuration.PropertiesLoader) as (Kopernicus.ConfigParser.BuiltinTypeParsers.NumericParser`1[System.Single])
[LOG 19:10:33]: Parsing Target albedo in (Kopernicus.Configuration.PropertiesLoader) as (Kopernicus.ConfigParser.BuiltinTypeParsers.NumericParser`1[System.Double])
[LOG 19:10:33]: Parsing Target emissivity in (Kopernicus.Configuration.PropertiesLoader) as (Kopernicus.ConfigParser.BuiltinTypeParsers.NumericParser`1[System.Double])
[LOG 19:10:33]: Parsing Target coreTemperatureOffset in (Kopernicus.Configuration.PropertiesLoader) as (Kopernicus.ConfigParser.BuiltinTypeParsers.NumericParser`1[System.Double])
[LOG 19:10:33]: Parsing Target timewarpAltitudeLimits in (Kopernicus.Configuration.PropertiesLoader) as (Kopernicus.ConfigParser.BuiltinTypeParsers.NumericCollectionParser`1[System.Single])
[LOG 19:10:33]: Parsing Target sphereOfInfluence in (Kopernicus.Configuration.PropertiesLoader) as (Kopernicus.ConfigParser.BuiltinTypeParsers.NumericParser`1[System.Double])
[LOG 19:10:33]: Parsing Target solarRotationPeriod in (Kopernicus.Configuration.PropertiesLoader) as (Kopernicus.ConfigParser.BuiltinTypeParsers.NumericParser`1[System.Boolean])
[LOG 19:10:33]: Parsing Target navballSwitchRadiusMult in (Kopernicus.Configuration.PropertiesLoader) as (Kopernicus.ConfigParser.BuiltinTypeParsers.NumericParser`1[System.Double])
[LOG 19:10:33]: Parsing Target navballSwitchRadiusMultLow in (Kopernicus.Configuration.PropertiesLoader) as (Kopernicus.ConfigParser.BuiltinTypeParsers.NumericParser`1[System.Double])
[LOG 19:10:33]: Parsing Target ScienceValues in (Kopernicus.Configuration.PropertiesLoader) as (Kopernicus.Configuration.ScienceValuesLoader)
[LOG 19:10:33]: Parsing Target biomeMap in (Kopernicus.Configuration.PropertiesLoader) as (Kopernicus.Configuration.Parsing.MapSOParserRGB`1[CBAttributeMapSO])
[LOG 19:10:33]: Parsing Target nonExactThreshold in (Kopernicus.Configuration.PropertiesLoader) as (Kopernicus.ConfigParser.BuiltinTypeParsers.NumericParser`1[System.Single])
[LOG 19:10:33]: Parsing Target exactSearch in (Kopernicus.Configuration.PropertiesLoader) as (Kopernicus.ConfigParser.BuiltinTypeParsers.NumericParser`1[System.Boolean])
[LOG 19:10:33]: Parsing Target Biomes in (Kopernicus.Configuration.PropertiesLoader) as (Kopernicus.Configuration.Parsing.CallbackList`1[Kopernicus.Configuration.BiomeLoader])
[LOG 19:10:33]: Parsing Target useTheInName in (Kopernicus.Configuration.PropertiesLoader) as (Kopernicus.ConfigParser.BuiltinTypeParsers.NumericParser`1[System.Boolean])
[LOG 19:10:33]: Parsing Target displayName in (Kopernicus.Configuration.PropertiesLoader) as (System.String)
[LOG 19:10:33]: Parsing Target selectable in (Kopernicus.Configuration.PropertiesLoader) as (Kopernicus.ConfigParser.BuiltinTypeParsers.NumericParser`1[System.Boolean])
[LOG 19:10:33]: Parsing Target RnDVisibility in (Kopernicus.Configuration.PropertiesLoader) as (Kopernicus.ConfigParser.BuiltinTypeParsers.EnumParser`1[Kopernicus.Configuration.PropertiesLoader+RnDVisibility])
[LOG 19:10:33]: Parsing Target RDVisibility in (Kopernicus.Configuration.PropertiesLoader) as (Kopernicus.ConfigParser.BuiltinTypeParsers.EnumParser`1[Kopernicus.Configuration.PropertiesLoader+RnDVisibility])
[LOG 19:10:33]: Parsing Target RnDRotation in (Kopernicus.Configuration.PropertiesLoader) as (Kopernicus.ConfigParser.BuiltinTypeParsers.NumericParser`1[System.Boolean])
[LOG 19:10:33]: Parsing Target maxZoom in (Kopernicus.Configuration.PropertiesLoader) as (Kopernicus.ConfigParser.BuiltinTypeParsers.NumericParser`1[System.Single])
[LOG 19:10:33]: --------- Science Values ------------
[LOG 19:10:33]: LandedDataValue = 1
[LOG 19:10:33]: SplashedDataValue = 1
[LOG 19:10:33]: FlyingLowDataValue = 1
[LOG 19:10:33]: FlyingHighDataValue = 1
[LOG 19:10:33]: InSpaceLowDataValue = 11
[LOG 19:10:33]: InSpaceHighDataValue = 2
[LOG 19:10:33]: RecoveryValue = 4
[LOG 19:10:33]: flyingAltitudeThreshold = 18000
[LOG 19:10:33]: spaceAltitudeThreshold = 1E+09
[LOG 19:10:33]: --------------------------------------
[LOG 19:10:33]: Added Progress Tree
[LOG 19:10:33]: Parsing Target Orbit in (Kopernicus.Configuration.Body) as (Kopernicus.Configuration.OrbitLoader)
[LOG 19:10:33]: Parsing Target referenceBody in (Kopernicus.Configuration.OrbitLoader) as (System.String)
[LOG 19:10:33]: Parsing Target inclination in (Kopernicus.Configuration.OrbitLoader) as (Kopernicus.ConfigParser.BuiltinTypeParsers.NumericParser`1[System.Double])
[LOG 19:10:33]: Parsing Target eccentricity in (Kopernicus.Configuration.OrbitLoader) as (Kopernicus.ConfigParser.BuiltinTypeParsers.NumericParser`1[System.Double])
[LOG 19:10:33]: Parsing Target semiMajorAxis in (Kopernicus.Configuration.OrbitLoader) as (Kopernicus.ConfigParser.BuiltinTypeParsers.NumericParser`1[System.Double])
[LOG 19:10:33]: Parsing Target longitudeOfAscendingNode in (Kopernicus.Configuration.OrbitLoader) as (Kopernicus.ConfigParser.BuiltinTypeParsers.NumericParser`1[System.Double])
[LOG 19:10:33]: Parsing Target argumentOfPeriapsis in (Kopernicus.Configuration.OrbitLoader) as (Kopernicus.ConfigParser.BuiltinTypeParsers.NumericParser`1[System.Double])
[LOG 19:10:33]: Parsing Target meanAnomalyAtEpoch in (Kopernicus.Configuration.OrbitLoader) as (Kopernicus.ConfigParser.BuiltinTypeParsers.NumericParser`1[System.Double])
[LOG 19:10:33]: Parsing Target meanAnomalyAtEpochD in (Kopernicus.Configuration.OrbitLoader) as (Kopernicus.ConfigParser.BuiltinTypeParsers.NumericParser`1[System.Double])
[LOG 19:10:33]: Parsing Target epoch in (Kopernicus.Configuration.OrbitLoader) as (Kopernicus.ConfigParser.BuiltinTypeParsers.NumericParser`1[System.Double])
[LOG 19:10:33]: Parsing Target color in (Kopernicus.Configuration.OrbitLoader) as (Kopernicus.ConfigParser.BuiltinTypeParsers.ColorParser)
[LOG 19:10:33]: Parsing Target nodeColor in (Kopernicus.Configuration.OrbitLoader) as (Kopernicus.ConfigParser.BuiltinTypeParsers.ColorParser)
[LOG 19:10:33]: Parsing Target iconColor in (Kopernicus.Configuration.OrbitLoader) as (Kopernicus.ConfigParser.BuiltinTypeParsers.ColorParser)
[LOG 19:10:33]: Parsing Target mode in (Kopernicus.Configuration.OrbitLoader) as (Kopernicus.ConfigParser.BuiltinTypeParsers.EnumParser`1[OrbitRendererBase+DrawMode])
[LOG 19:10:33]: Parsing Target icon in (Kopernicus.Configuration.OrbitLoader) as (Kopernicus.ConfigParser.BuiltinTypeParsers.EnumParser`1[OrbitRendererBase+DrawIcons])
[LOG 19:10:33]: Parsing Target cameraSmaRatioBounds in (Kopernicus.Configuration.OrbitLoader) as (Kopernicus.ConfigParser.BuiltinTypeParsers.NumericCollectionParser`1[System.Single])
[LOG 19:10:33]: Parsing Target period in (Kopernicus.Configuration.OrbitLoader) as (Kopernicus.ConfigParser.BuiltinTypeParsers.NumericParser`1[System.Double])
[LOG 19:10:33]: Parsing Target iconTexture in (Kopernicus.Configuration.OrbitLoader) as (Kopernicus.Configuration.Parsing.Texture2DParser)
[LOG 19:10:33]: Parsing Target ScaledVersion in (Kopernicus.Configuration.Body) as (Kopernicus.Configuration.ScaledVersionLoader)
[LOG 19:10:33]: Parsing Target type in (Kopernicus.Configuration.ScaledVersionLoader) as (Kopernicus.ConfigParser.BuiltinTypeParsers.EnumParser`1[Kopernicus.Configuration.Enumerations.ScaledMaterialType])
[LOG 19:10:33]: Copying "usePlanetariumTime": False => False
[LOG 19:10:33]: Copying "speedFactor": 1 => 0.01
[LOG 19:10:33]: Copying "frequency0": 4 => 1.213247
[LOG 19:10:33]: Copying "curve0": UnityEngine.AnimationCurve => UnityEngine.AnimationCurve
[LOG 19:10:33]: Copying "frequency1": 3 => 1.324546
[LOG 19:10:33]: Copying "curve1": UnityEngine.AnimationCurve => UnityEngine.AnimationCurve
[LOG 19:10:33]: Copying "frequency2": 2 => 1.132255
[LOG 19:10:33]: Copying "curve2": UnityEngine.AnimationCurve => UnityEngine.AnimationCurve
[LOG 19:10:33]: Copying "frequency3": 1 => 1.235449
[LOG 19:10:33]: Copying "curve3": UnityEngine.AnimationCurve => UnityEngine.AnimationCurve
[LOG 19:10:33]: Parsing Target fadeStart in (Kopernicus.Configuration.ScaledVersionLoader) as (Kopernicus.ConfigParser.BuiltinTypeParsers.NumericParser`1[System.Single])
[LOG 19:10:33]: Parsing Target fadeEnd in (Kopernicus.Configuration.ScaledVersionLoader) as (Kopernicus.ConfigParser.BuiltinTypeParsers.NumericParser`1[System.Single])
[LOG 19:10:33]: Parsing Target Light in (Kopernicus.Configuration.ScaledVersionLoader) as (Kopernicus.Configuration.LightShifterLoader)
[LOG 19:10:33]: Parsing Target sunFlare in (Kopernicus.Configuration.LightShifterLoader) as (Kopernicus.Configuration.Parsing.AssetParser`1[UnityEngine.Flare])
[LOG 19:10:33]: Parsing Target sunlightColor in (Kopernicus.Configuration.LightShifterLoader) as (Kopernicus.ConfigParser.BuiltinTypeParsers.ColorParser)
[LOG 19:10:33]: Parsing Target sunlightIntensity in (Kopernicus.Configuration.LightShifterLoader) as (Kopernicus.ConfigParser.BuiltinTypeParsers.NumericParser`1[System.Single])
[LOG 19:10:33]: Parsing Target sunlightShadowStrength in (Kopernicus.Configuration.LightShifterLoader) as (Kopernicus.ConfigParser.BuiltinTypeParsers.NumericParser`1[System.Single])
[LOG 19:10:33]: Parsing Target scaledSunlightColor in (Kopernicus.Configuration.LightShifterLoader) as (Kopernicus.ConfigParser.BuiltinTypeParsers.ColorParser)
[LOG 19:10:33]: Parsing Target scaledSunlightIntensity in (Kopernicus.Configuration.LightShifterLoader) as (Kopernicus.ConfigParser.BuiltinTypeParsers.NumericParser`1[System.Single])
[LOG 19:10:33]: Parsing Target IVASunColor in (Kopernicus.Configuration.LightShifterLoader) as (Kopernicus.ConfigParser.BuiltinTypeParsers.ColorParser)
[LOG 19:10:33]: Parsing Target IVASunIntensity in (Kopernicus.Configuration.LightShifterLoader) as (Kopernicus.ConfigParser.BuiltinTypeParsers.NumericParser`1[System.Single])
[LOG 19:10:33]: Parsing Target ambientLightColor in (Kopernicus.Configuration.LightShifterLoader) as (Kopernicus.ConfigParser.BuiltinTypeParsers.ColorParser)
[LOG 19:10:33]: Parsing Target sunLensFlareColor in (Kopernicus.Configuration.LightShifterLoader) as (Kopernicus.ConfigParser.BuiltinTypeParsers.ColorParser)
[LOG 19:10:33]: Parsing Target givesOffLight in (Kopernicus.Configuration.LightShifterLoader) as (Kopernicus.ConfigParser.BuiltinTypeParsers.NumericParser`1[System.Boolean])
[LOG 19:10:33]: Parsing Target sunAU in (Kopernicus.Configuration.LightShifterLoader) as (Kopernicus.ConfigParser.BuiltinTypeParsers.NumericParser`1[System.Double])
[LOG 19:10:33]: Parsing Target brightnessCurve in (Kopernicus.Configuration.LightShifterLoader) as (System.Collections.Generic.List`1[Kopernicus.ConfigParser.BuiltinTypeParsers.NumericCollectionParser`1[System.Single]])
[LOG 19:10:33]: Parsing Target luminosity in (Kopernicus.Configuration.LightShifterLoader) as (Kopernicus.ConfigParser.BuiltinTypeParsers.NumericParser`1[System.Double])
[LOG 19:10:33]: Parsing Target insolation in (Kopernicus.Configuration.LightShifterLoader) as (Kopernicus.ConfigParser.BuiltinTypeParsers.NumericParser`1[System.Double])
[LOG 19:10:33]: Parsing Target radiationFactor in (Kopernicus.Configuration.LightShifterLoader) as (Kopernicus.ConfigParser.BuiltinTypeParsers.NumericParser`1[System.Double])
[LOG 19:10:33]: Parsing Target IntensityCurve in (Kopernicus.Configuration.LightShifterLoader) as (System.Collections.Generic.List`1[Kopernicus.ConfigParser.BuiltinTypeParsers.NumericCollectionParser`1[System.Single]])
[LOG 19:10:33]: Parsing Target ScaledIntensityCurve in (Kopernicus.Configuration.LightShifterLoader) as (System.Collections.Generic.List`1[Kopernicus.ConfigParser.BuiltinTypeParsers.NumericCollectionParser`1[System.Single]])
[LOG 19:10:33]: Parsing Target IVAIntensityCurve in (Kopernicus.Configuration.LightShifterLoader) as (System.Collections.Generic.List`1[Kopernicus.ConfigParser.BuiltinTypeParsers.NumericCollectionParser`1[System.Single]])
[LOG 19:10:33]: Parsing Target sphericalModel in (Kopernicus.Configuration.ScaledVersionLoader) as (Kopernicus.ConfigParser.BuiltinTypeParsers.NumericParser`1[System.Boolean])
[LOG 19:10:33]: Parsing Target deferMesh in (Kopernicus.Configuration.ScaledVersionLoader) as (Kopernicus.ConfigParser.BuiltinTypeParsers.NumericParser`1[System.Boolean])
[LOG 19:10:33]: Parsing Target invisible in (Kopernicus.Configuration.ScaledVersionLoader) as (Kopernicus.ConfigParser.BuiltinTypeParsers.NumericParser`1[System.Boolean])
[LOG 19:10:33]: Parsing Target Material in (Kopernicus.Configuration.ScaledVersionLoader) as (UnityEngine.Material)
[LOG 19:10:33]: Parsing Target rampMap in (Kopernicus.Configuration.MaterialLoader.EmissiveMultiRampSunspotsLoader) as (Kopernicus.Configuration.Parsing.Texture2DParser)
[LOG 19:10:33]: Parsing Target rampMapScale in (Kopernicus.Configuration.MaterialLoader.EmissiveMultiRampSunspotsLoader) as (Kopernicus.ConfigParser.BuiltinTypeParsers.Vector2Parser)
[LOG 19:10:33]: Parsing Target rampMapOffset in (Kopernicus.Configuration.MaterialLoader.EmissiveMultiRampSunspotsLoader) as (Kopernicus.ConfigParser.BuiltinTypeParsers.Vector2Parser)
[LOG 19:10:33]: Parsing Target noiseMap in (Kopernicus.Configuration.MaterialLoader.EmissiveMultiRampSunspotsLoader) as (Kopernicus.Configuration.Parsing.Texture2DParser)
[LOG 19:10:33]: Parsing Target noiseMapScale in (Kopernicus.Configuration.MaterialLoader.EmissiveMultiRampSunspotsLoader) as (Kopernicus.ConfigParser.BuiltinTypeParsers.Vector2Parser)
[LOG 19:10:33]: Parsing Target noiseMapOffset in (Kopernicus.Configuration.MaterialLoader.EmissiveMultiRampSunspotsLoader) as (Kopernicus.ConfigParser.BuiltinTypeParsers.Vector2Parser)
[LOG 19:10:33]: Parsing Target emitColor0 in (Kopernicus.Configuration.MaterialLoader.EmissiveMultiRampSunspotsLoader) as (Kopernicus.ConfigParser.BuiltinTypeParsers.ColorParser)
[LOG 19:10:33]: Parsing Target emitColor1 in (Kopernicus.Configuration.MaterialLoader.EmissiveMultiRampSunspotsLoader) as (Kopernicus.ConfigParser.BuiltinTypeParsers.ColorParser)
[LOG 19:10:33]: Parsing Target sunspotTex in (Kopernicus.Configuration.MaterialLoader.EmissiveMultiRampSunspotsLoader) as (Kopernicus.Configuration.Parsing.Texture2DParser)
[LOG 19:10:33]: Parsing Target sunspotTexScale in (Kopernicus.Configuration.MaterialLoader.EmissiveMultiRampSunspotsLoader) as (Kopernicus.ConfigParser.BuiltinTypeParsers.Vector2Parser)
[LOG 19:10:33]: Parsing Target sunspotTexOffset in (Kopernicus.Configuration.MaterialLoader.EmissiveMultiRampSunspotsLoader) as (Kopernicus.ConfigParser.BuiltinTypeParsers.Vector2Parser)
[LOG 19:10:33]: Parsing Target sunspotPower in (Kopernicus.Configuration.MaterialLoader.EmissiveMultiRampSunspotsLoader) as (Kopernicus.ConfigParser.BuiltinTypeParsers.NumericParser`1[System.Single])
[LOG 19:10:33]: Parsing Target sunspotColor in (Kopernicus.Configuration.MaterialLoader.EmissiveMultiRampSunspotsLoader) as (Kopernicus.ConfigParser.BuiltinTypeParsers.ColorParser)
[LOG 19:10:33]: Parsing Target rimColor in (Kopernicus.Configuration.MaterialLoader.EmissiveMultiRampSunspotsLoader) as (Kopernicus.ConfigParser.BuiltinTypeParsers.ColorParser)
[LOG 19:10:33]: Parsing Target rimPower in (Kopernicus.Configuration.MaterialLoader.EmissiveMultiRampSunspotsLoader) as (Kopernicus.ConfigParser.BuiltinTypeParsers.NumericParser`1[System.Single])
[LOG 19:10:33]: Parsing Target rimBlend in (Kopernicus.Configuration.MaterialLoader.EmissiveMultiRampSunspotsLoader) as (Kopernicus.ConfigParser.BuiltinTypeParsers.NumericParser`1[System.Single])
[LOG 19:10:33]: Parsing Target OnDemand in (Kopernicus.Configuration.ScaledVersionLoader) as (Kopernicus.Configuration.ScaledVersionLoader+OnDemandConfig)
[LOG 19:10:33]: Parsing Target TextureOptions in (Kopernicus.Configuration.ScaledVersionLoader) as (Kopernicus.UI.PlanetTextureExporter+TextureOptions)
[LOG 19:10:33]: Parsing Target Coronas in (Kopernicus.Configuration.ScaledVersionLoader) as (System.Collections.Generic.List`1[Kopernicus.Configuration.CoronaLoader])
[LOG 19:10:33]: Parsing Target scaleSpeed in (Kopernicus.Configuration.CoronaLoader) as (Kopernicus.ConfigParser.BuiltinTypeParsers.NumericParser`1[System.Single])
[LOG 19:10:33]: Parsing Target scaleLimitY in (Kopernicus.Configuration.CoronaLoader) as (Kopernicus.ConfigParser.BuiltinTypeParsers.NumericParser`1[System.Single])
[LOG 19:10:33]: Parsing Target scaleLimitX in (Kopernicus.Configuration.CoronaLoader) as (Kopernicus.ConfigParser.BuiltinTypeParsers.NumericParser`1[System.Single])
[LOG 19:10:33]: Parsing Target updateInterval in (Kopernicus.Configuration.CoronaLoader) as (Kopernicus.ConfigParser.BuiltinTypeParsers.NumericParser`1[System.Single])
[LOG 19:10:33]: Parsing Target speed in (Kopernicus.Configuration.CoronaLoader) as (Kopernicus.ConfigParser.BuiltinTypeParsers.NumericParser`1[System.Int32])
[LOG 19:10:33]: Parsing Target rotation in (Kopernicus.Configuration.CoronaLoader) as (Kopernicus.ConfigParser.BuiltinTypeParsers.NumericParser`1[System.Single])
[LOG 19:10:33]: Parsing Target Material in (Kopernicus.Configuration.CoronaLoader) as (Kopernicus.Configuration.MaterialLoader.ParticleAddSmoothLoader)
[LOG 19:10:33]: Parsing Target texture in (Kopernicus.Configuration.MaterialLoader.ParticleAddSmoothLoader) as (Kopernicus.Configuration.Parsing.Texture2DParser)
[LOG 19:10:33]: Parsing Target mainTexScale in (Kopernicus.Configuration.MaterialLoader.ParticleAddSmoothLoader) as (Kopernicus.ConfigParser.BuiltinTypeParsers.Vector2Parser)
[LOG 19:10:33]: Parsing Target mainTexOffset in (Kopernicus.Configuration.MaterialLoader.ParticleAddSmoothLoader) as (Kopernicus.ConfigParser.BuiltinTypeParsers.Vector2Parser)
[LOG 19:10:33]: Parsing Target invFade in (Kopernicus.Configuration.MaterialLoader.ParticleAddSmoothLoader) as (Kopernicus.ConfigParser.BuiltinTypeParsers.NumericParser`1[System.Single])
[LOG 19:10:33]: ============= Scaled Version Dump ===================
[LOG 19:10:33]: Valentine (UnityEngine.GameObject)
[LOG 19:10:33]:  >>> Components <<< 
[LOG 19:10:33]:  Valentine (UnityEngine.Transform)
[LOG 19:10:33]:  Valentine (UnityEngine.MeshFilter)
[LOG 19:10:33]:  Valentine (UnityEngine.MeshRenderer)
[LOG 19:10:33]:  Valentine (ScaledSun)
[LOG 19:10:33]:  Valentine (UnityEngine.SphereCollider)
[LOG 19:10:33]:  Valentine (Kopernicus.Components.SharedSunShaderController)
[LOG 19:10:33]:  Valentine (Kopernicus.RuntimeUtility.StarComponent)
[LOG 19:10:33]:  >>> ---------- <<< 
[LOG 19:10:33]:     Valentine (UnityEngine.GameObject)
[LOG 19:10:33]:      >>> Components <<< 
[LOG 19:10:33]:      Valentine (UnityEngine.Transform)
[LOG 19:10:33]:      Valentine (Kopernicus.Components.LightShifter)
[LOG 19:10:33]:      >>> ---------- <<< 
[LOG 19:10:33]:     Corona(Clone) (UnityEngine.GameObject)
[LOG 19:10:33]:      >>> Components <<< 
[LOG 19:10:33]:      Corona(Clone) (UnityEngine.Transform)
[LOG 19:10:33]:      Corona(Clone) (UnityEngine.MeshFilter)
[LOG 19:10:33]:      Corona(Clone) (UnityEngine.MeshRenderer)
[LOG 19:10:33]:      Corona(Clone) (SunCoronas)
[LOG 19:10:33]:      >>> ---------- <<< 
[LOG 19:10:33]: ===========================================
[LOG 19:10:33]: Parsing Target Atmosphere in (Kopernicus.Configuration.Body) as (Kopernicus.Configuration.AtmosphereLoader)
[LOG 19:10:33]: Parsing Target PQS in (Kopernicus.Configuration.Body) as (Kopernicus.Configuration.PQSLoader)
[LOG 19:10:33]: Parsing Target Ocean in (Kopernicus.Configuration.Body) as (Kopernicus.Configuration.OceanLoader)
[LOG 19:10:33]: Parsing Target Rings in (Kopernicus.Configuration.Body) as (System.Collections.Generic.List`1[Kopernicus.Configuration.RingLoader])
[LOG 19:10:33]: Parsing Target Particles in (Kopernicus.Configuration.Body) as (System.Collections.Generic.List`1[Kopernicus.Configuration.ParticleLoader])
[LOG 19:10:33]: Parsing Target HazardousBody in (Kopernicus.Configuration.Body) as (System.Collections.Generic.List`1[Kopernicus.Configuration.HazardousBodyLoader])
[LOG 19:10:33]: Parsing Target SpaceCenter in (Kopernicus.Configuration.Body) as (Kopernicus.Configuration.SpaceCenterLoader)
[LOG 19:10:33]: Parsing Target Debug in (Kopernicus.Configuration.Body) as (Kopernicus.Configuration.DebugLoader)
[LOG 19:10:33]: Parsing Target PostSpawnOrbit in (Kopernicus.Configuration.Body) as (ConfigNode)
[LOG 19:10:33]: --------- Celestial Body ------------
[LOG 19:10:33]: bodyName = Valentine
[LOG 19:10:33]: bodyDisplayName = Valentine
[LOG 19:10:33]: bodyAdjectiveDisplayName = Valentine
[LOG 19:10:33]: bodyDescription = Valentine was a star that took a very long time for Kerbal astronomers to discover. Its relative dimness and its distance from Kerbin meant that finding it and tracking it was very difficult. Valentine has several confirmed exoplanets orbiting it, several of which might be Kerbin-like.
[LOG 19:10:33]: GeeASL = 0.125300402187178
[LOG 19:10:33]: Radius = 218412000
[LOG 19:10:33]: Mass = 8.782835E+26
[LOG 19:10:33]: Density = 0
[LOG 19:10:33]: SurfaceArea = 0
[LOG 19:10:33]: gravParameter = 5.86173434168E+16
[LOG 19:10:33]: sphereOfInfluence = 0
[LOG 19:10:33]: hillSphere = 0
[LOG 19:10:33]: gMagnitudeAtCenter = 5.86173434168E+16
[LOG 19:10:33]: atmDensityASL = 0
[LOG 19:10:33]: atmPressureASL = 0
[LOG 19:10:33]: scaledEllipsoid = True
[LOG 19:10:33]: scaledElipRadMult = [1, 1, 1]
[LOG 19:10:33]: scaledRadiusHorizonMultiplier = 1
[LOG 19:10:33]: navballSwitchRadiusMult = 0.06
[LOG 19:10:33]: navballSwitchRadiusMultLow = 0.055
[LOG 19:10:33]: use_The_InName = False
[LOG 19:10:33]: isHomeWorld = False
[LOG 19:10:33]: isCometPerturber = False
[LOG 19:10:33]: ocean = False
[LOG 19:10:33]: oceanUseFog = True
[LOG 19:10:33]: oceanFogPQSDepth = 1000
[LOG 19:10:33]: oceanFogPQSDepthRecip = 0.001
[LOG 19:10:33]: oceanFogDensityStart = 0.015
[LOG 19:10:33]: oceanFogDensityEnd = 0.13
[LOG 19:10:33]: oceanFogDensityPQSMult = 0.02
[LOG 19:10:33]: oceanFogDensityAltScalar = -0.0008
[LOG 19:10:33]: oceanFogDensityExponent = 1
[LOG 19:10:33]: oceanFogColorStart = RGBA(0.000, 0.337, 0.486, 1.000)
[LOG 19:10:33]: oceanFogColorEnd = RGBA(0.000, 0.084, 0.122, 1.000)
[LOG 19:10:33]: oceanFogDawnFactor = 10
[LOG 19:10:33]: oceanSkyColorMult = 1.2
[LOG 19:10:33]: oceanSkyColorOpacityBase = 0.2
[LOG 19:10:33]: oceanSkyColorOpacityAltMult = 2
[LOG 19:10:33]: oceanDensity = 1
[LOG 19:10:33]: oceanAFGBase = 0.6
[LOG 19:10:33]: oceanAFGAltMult = 0.05
[LOG 19:10:33]: oceanAFGMin = 0.05
[LOG 19:10:33]: oceanSunBase = 0.5
[LOG 19:10:33]: oceanSunAltMult = 0.01
[LOG 19:10:33]: oceanSunMin = 0.05
[LOG 19:10:33]: oceanAFGLerp = False
[LOG 19:10:33]: oceanMinAlphaFogDistance = 200
[LOG 19:10:33]: oceanMaxAlbedoFog = 0.95
[LOG 19:10:33]: oceanMaxAlphaFog = 0.9
[LOG 19:10:33]: oceanAlbedoDistanceScalar = 0.01
[LOG 19:10:33]: oceanAlphaDistanceScalar = 0.01
[LOG 19:10:33]: minOrbitalDistance = 100000
[LOG 19:10:33]: atmosphere = True
[LOG 19:10:33]: atmosphereContainsOxygen = False
[LOG 19:10:33]: atmosphereDepth = 600000
[LOG 19:10:33]: atmosphereTemperatureSeaLevel = 5840
[LOG 19:10:33]: atmospherePressureSeaLevel = 16
[LOG 19:10:33]: atmosphereMolarMass = 0.00219999998807907
[LOG 19:10:33]: atmosphereAdiabaticIndex = 1.42999994754791
[LOG 19:10:33]: atmosphereTemperatureLapseRate = 0
[LOG 19:10:33]: atmosphereGasMassLapseRate = 0
[LOG 19:10:33]: atmosphereUseTemperatureCurve = True
[LOG 19:10:33]: atmosphereTemperatureCurveIsNormalized = False
[LOG 19:10:33]: atmosphereTemperatureCurve = FloatCurve
[LOG 19:10:33]: latitudeTemperatureBiasCurve = FloatCurve
[LOG 19:10:33]: latitudeTemperatureSunMultCurve = FloatCurve
[LOG 19:10:33]: axialTemperatureSunMultCurve = FloatCurve
[LOG 19:10:33]: axialTemperatureSunBiasCurve = FloatCurve
[LOG 19:10:33]: atmosphereTemperatureSunMultCurve = FloatCurve
[LOG 19:10:33]: maxAxialDot = 0
[LOG 19:10:33]: eccentricityTemperatureBiasCurve = FloatCurve
[LOG 19:10:33]: albedo = 0
[LOG 19:10:33]: emissivity = 0
[LOG 19:10:33]: coreTemperatureOffset = 0
[LOG 19:10:33]: convectionMultiplier = 1
[LOG 19:10:33]: shockTemperatureMultiplier = 0.5
[LOG 19:10:33]: bodyTemperature = 0
[LOG 19:10:33]: atmosphereUsePressureCurve = True
[LOG 19:10:33]: atmospherePressureCurveIsNormalized = False
[LOG 19:10:33]: atmospherePressureCurve = FloatCurve
[LOG 19:10:33]: radiusAtmoFactor = 1
[LOG 19:10:33]: hasSolidSurface = False
[LOG 19:10:33]: isStar = True
[LOG 19:10:33]: transformRight = [0, 0, 0]
[LOG 19:10:33]: transformUp = [0, 0, 0]
[LOG 19:10:33]: rotation = (0.0, 0.0, 0.0, 0.0)
[LOG 19:10:33]: orbitDriver = Valentine (OrbitDriver)
[LOG 19:10:33]: pqsController = 
[LOG 19:10:33]: pqsSurfaceObjects = PQSSurfaceObject[]
[LOG 19:10:33]: scaledBody = Valentine (UnityEngine.GameObject)
[LOG 19:10:33]: afg = 
[LOG 19:10:33]: rotates = True
[LOG 19:10:33]: rotationPeriod = 432000
[LOG 19:10:33]: rotPeriodRecip = 0
[LOG 19:10:33]: solarDayLength = 0
[LOG 19:10:33]: solarRotationPeriod = False
[LOG 19:10:33]: initialRotation = 0
[LOG 19:10:33]: rotationAngle = 0
[LOG 19:10:33]: directRotAngle = 0
[LOG 19:10:33]: angularVelocity = [0, 0, 0]
[LOG 19:10:33]: zUpAngularVelocity = [0, 0, 0]
[LOG 19:10:33]: tidallyLocked = False
[LOG 19:10:33]: clampInverseRotThreshold = True
[LOG 19:10:33]: inverseRotation = False
[LOG 19:10:33]: inverseRotThresholdAltitude = 100000
[LOG 19:10:33]: angularV = 0
[LOG 19:10:33]: timeWarpAltitudeLimits = System.Single[]
[LOG 19:10:33]: atmosphericAmbientColor = RGBA(0.000, 0.000, 0.000, 0.000)
[LOG 19:10:33]: orbitingBodies = System.Collections.Generic.List`1[CelestialBody]
[LOG 19:10:33]: BodyFrame = Planetarium+CelestialFrame
[LOG 19:10:33]: progressTree = KSPAchievements.CelestialBodySubtree
[LOG 19:10:33]: bodyType = Generic
[LOG 19:10:33]: scienceValues = CelestialBodyScienceParams
[LOG 19:10:33]: BiomeMap = 
[LOG 19:10:33]: MiniBiomes = MiniBiome[]
[LOG 19:10:33]: bodyTransform = 
[LOG 19:10:33]: --------------------------------------
[LOG 19:10:33]: Body.PostApply(ConfigNode): Loading cached scaled space mesh: Valentine
